[2.021s] DEBUG:colcon:Command line arguments: ['/usr/bin/colcon', 'list', '-p', '--base-paths', '/home/hargalaten/Rover/Tesi-Rover']
[2.027s] DEBUG:colcon:Parsed command line arguments: Namespace(allow_overriding=[], base_paths=['/home/hargalaten/Rover/Tesi-Rover'], build_base='build', ignore_user_meta=False, log_base=None, log_level=None, main=<bound method ListVerb.main of <colcon_package_information.verb.list.ListVerb object at 0x7f6311902910>>, metas=['./colcon.meta'], names_only=False, packages_above=None, packages_above_and_dependencies=None, packages_above_depth=None, packages_end=None, packages_ignore=None, packages_ignore_regex=None, packages_select=None, packages_select_build_failed=False, packages_select_by_dep=None, packages_select_regex=None, packages_select_test_failures=False, packages_skip=None, packages_skip_build_finished=False, packages_skip_by_dep=None, packages_skip_regex=None, packages_skip_test_passed=False, packages_skip_up_to=None, packages_start=None, packages_up_to=None, packages_up_to_regex=None, paths=None, paths_only=True, topological_graph=False, topological_graph_density=False, topological_graph_dot=False, topological_graph_dot_cluster=False, topological_graph_dot_include_skipped=False, topological_graph_legend=False, topological_order=False, verb_extension=<colcon_package_information.verb.list.ListVerb object at 0x7f6311902910>, verb_name='list', verb_parser=<colcon_defaults.argument_parser.defaults.DefaultArgumentsDecorator object at 0x7f631182a610>)
[2.186s] Level 1:colcon.colcon_core.package_discovery:discover_packages(colcon_meta) check parameters
[2.186s] Level 1:colcon.colcon_core.package_discovery:discover_packages(recursive) check parameters
[2.186s] Level 1:colcon.colcon_core.package_discovery:discover_packages(ignore) check parameters
[2.186s] Level 1:colcon.colcon_core.package_discovery:discover_packages(path) check parameters
[2.187s] Level 1:colcon.colcon_core.package_discovery:discover_packages(recursive) discover
[2.187s] INFO:colcon.colcon_core.package_discovery:Crawling recursively for packages in '/home/hargalaten/Rover/Tesi-Rover'
[2.187s] Level 1:colcon.colcon_core.package_identification:_identify(/home/hargalaten/Rover/Tesi-Rover) by extensions ['ignore', 'ignore_ament_install']
[2.188s] Level 1:colcon.colcon_core.package_identification:_identify(/home/hargalaten/Rover/Tesi-Rover) by extension 'ignore'
[2.188s] Level 1:colcon.colcon_core.package_identification:_identify(/home/hargalaten/Rover/Tesi-Rover) by extension 'ignore_ament_install'
[2.190s] Level 1:colcon.colcon_core.package_identification:_identify(/home/hargalaten/Rover/Tesi-Rover) by extensions ['colcon_pkg']
[2.190s] Level 1:colcon.colcon_core.package_identification:_identify(/home/hargalaten/Rover/Tesi-Rover) by extension 'colcon_pkg'
[2.190s] Level 1:colcon.colcon_core.package_identification:_identify(/home/hargalaten/Rover/Tesi-Rover) by extensions ['colcon_meta']
[2.190s] Level 1:colcon.colcon_core.package_identification:_identify(/home/hargalaten/Rover/Tesi-Rover) by extension 'colcon_meta'
[2.191s] Level 1:colcon.colcon_core.package_identification:_identify(/home/hargalaten/Rover/Tesi-Rover) by extensions ['ros']
[2.191s] Level 1:colcon.colcon_core.package_identification:_identify(/home/hargalaten/Rover/Tesi-Rover) by extension 'ros'
[2.283s] Level 1:colcon.colcon_core.package_identification:_identify(/home/hargalaten/Rover/Tesi-Rover) by extensions ['cmake', 'python']
[2.283s] Level 1:colcon.colcon_core.package_identification:_identify(/home/hargalaten/Rover/Tesi-Rover) by extension 'cmake'
[2.283s] Level 1:colcon.colcon_core.package_identification:_identify(/home/hargalaten/Rover/Tesi-Rover) by extension 'python'
[2.283s] Level 1:colcon.colcon_core.package_identification:_identify(/home/hargalaten/Rover/Tesi-Rover) by extensions ['python_setup_py']
[2.284s] Level 1:colcon.colcon_core.package_identification:_identify(/home/hargalaten/Rover/Tesi-Rover) by extension 'python_setup_py'
[2.285s] Level 1:colcon.colcon_core.package_identification:_identify(/home/hargalaten/Rover/Tesi-Rover/docs) by extensions ['ignore', 'ignore_ament_install']
[2.285s] Level 1:colcon.colcon_core.package_identification:_identify(/home/hargalaten/Rover/Tesi-Rover/docs) by extension 'ignore'
[2.285s] Level 1:colcon.colcon_core.package_identification:_identify(/home/hargalaten/Rover/Tesi-Rover/docs) by extension 'ignore_ament_install'
[2.286s] Level 1:colcon.colcon_core.package_identification:_identify(/home/hargalaten/Rover/Tesi-Rover/docs) by extensions ['colcon_pkg']
[2.286s] Level 1:colcon.colcon_core.package_identification:_identify(/home/hargalaten/Rover/Tesi-Rover/docs) by extension 'colcon_pkg'
[2.286s] Level 1:colcon.colcon_core.package_identification:_identify(/home/hargalaten/Rover/Tesi-Rover/docs) by extensions ['colcon_meta']
[2.286s] Level 1:colcon.colcon_core.package_identification:_identify(/home/hargalaten/Rover/Tesi-Rover/docs) by extension 'colcon_meta'
[2.287s] Level 1:colcon.colcon_core.package_identification:_identify(/home/hargalaten/Rover/Tesi-Rover/docs) by extensions ['ros']
[2.287s] Level 1:colcon.colcon_core.package_identification:_identify(/home/hargalaten/Rover/Tesi-Rover/docs) by extension 'ros'
[2.287s] Level 1:colcon.colcon_core.package_identification:_identify(/home/hargalaten/Rover/Tesi-Rover/docs) by extensions ['cmake', 'python']
[2.288s] Level 1:colcon.colcon_core.package_identification:_identify(/home/hargalaten/Rover/Tesi-Rover/docs) by extension 'cmake'
[2.288s] Level 1:colcon.colcon_core.package_identification:_identify(/home/hargalaten/Rover/Tesi-Rover/docs) by extension 'python'
[2.288s] Level 1:colcon.colcon_core.package_identification:_identify(/home/hargalaten/Rover/Tesi-Rover/docs) by extensions ['python_setup_py']
[2.288s] Level 1:colcon.colcon_core.package_identification:_identify(/home/hargalaten/Rover/Tesi-Rover/docs) by extension 'python_setup_py'
[2.289s] Level 1:colcon.colcon_core.package_identification:_identify(/home/hargalaten/Rover/Tesi-Rover/log) by extensions ['ignore', 'ignore_ament_install']
[2.289s] Level 1:colcon.colcon_core.package_identification:_identify(/home/hargalaten/Rover/Tesi-Rover/log) by extension 'ignore'
[2.289s] Level 1:colcon.colcon_core.package_identification:_identify(/home/hargalaten/Rover/Tesi-Rover/log) ignored
[2.290s] Level 1:colcon.colcon_core.package_identification:_identify(/home/hargalaten/Rover/Tesi-Rover/src) by extensions ['ignore', 'ignore_ament_install']
[2.292s] Level 1:colcon.colcon_core.package_identification:_identify(/home/hargalaten/Rover/Tesi-Rover/src) by extension 'ignore'
[2.293s] Level 1:colcon.colcon_core.package_identification:_identify(/home/hargalaten/Rover/Tesi-Rover/src) by extension 'ignore_ament_install'
[2.294s] Level 1:colcon.colcon_core.package_identification:_identify(/home/hargalaten/Rover/Tesi-Rover/src) by extensions ['colcon_pkg']
[2.294s] Level 1:colcon.colcon_core.package_identification:_identify(/home/hargalaten/Rover/Tesi-Rover/src) by extension 'colcon_pkg'
[2.294s] Level 1:colcon.colcon_core.package_identification:_identify(/home/hargalaten/Rover/Tesi-Rover/src) by extensions ['colcon_meta']
[2.294s] Level 1:colcon.colcon_core.package_identification:_identify(/home/hargalaten/Rover/Tesi-Rover/src) by extension 'colcon_meta'
[2.295s] Level 1:colcon.colcon_core.package_identification:_identify(/home/hargalaten/Rover/Tesi-Rover/src) by extensions ['ros']
[2.295s] Level 1:colcon.colcon_core.package_identification:_identify(/home/hargalaten/Rover/Tesi-Rover/src) by extension 'ros'
[2.295s] Level 1:colcon.colcon_core.package_identification:_identify(/home/hargalaten/Rover/Tesi-Rover/src) by extensions ['cmake', 'python']
[2.295s] Level 1:colcon.colcon_core.package_identification:_identify(/home/hargalaten/Rover/Tesi-Rover/src) by extension 'cmake'
[2.295s] Level 1:colcon.colcon_core.package_identification:_identify(/home/hargalaten/Rover/Tesi-Rover/src) by extension 'python'
[2.295s] Level 1:colcon.colcon_core.package_identification:_identify(/home/hargalaten/Rover/Tesi-Rover/src) by extensions ['python_setup_py']
[2.295s] Level 1:colcon.colcon_core.package_identification:_identify(/home/hargalaten/Rover/Tesi-Rover/src) by extension 'python_setup_py'
[2.296s] Level 1:colcon.colcon_core.package_identification:_identify(/home/hargalaten/Rover/Tesi-Rover/src/costmap_converter) by extensions ['ignore', 'ignore_ament_install']
[2.296s] Level 1:colcon.colcon_core.package_identification:_identify(/home/hargalaten/Rover/Tesi-Rover/src/costmap_converter) by extension 'ignore'
[2.296s] Level 1:colcon.colcon_core.package_identification:_identify(/home/hargalaten/Rover/Tesi-Rover/src/costmap_converter) by extension 'ignore_ament_install'
[2.296s] Level 1:colcon.colcon_core.package_identification:_identify(/home/hargalaten/Rover/Tesi-Rover/src/costmap_converter) by extensions ['colcon_pkg']
[2.296s] Level 1:colcon.colcon_core.package_identification:_identify(/home/hargalaten/Rover/Tesi-Rover/src/costmap_converter) by extension 'colcon_pkg'
[2.296s] Level 1:colcon.colcon_core.package_identification:_identify(/home/hargalaten/Rover/Tesi-Rover/src/costmap_converter) by extensions ['colcon_meta']
[2.296s] Level 1:colcon.colcon_core.package_identification:_identify(/home/hargalaten/Rover/Tesi-Rover/src/costmap_converter) by extension 'colcon_meta'
[2.296s] Level 1:colcon.colcon_core.package_identification:_identify(/home/hargalaten/Rover/Tesi-Rover/src/costmap_converter) by extensions ['ros']
[2.296s] Level 1:colcon.colcon_core.package_identification:_identify(/home/hargalaten/Rover/Tesi-Rover/src/costmap_converter) by extension 'ros'
[2.297s] Level 1:colcon.colcon_core.package_identification:_identify(/home/hargalaten/Rover/Tesi-Rover/src/costmap_converter) by extensions ['cmake', 'python']
[2.297s] Level 1:colcon.colcon_core.package_identification:_identify(/home/hargalaten/Rover/Tesi-Rover/src/costmap_converter) by extension 'cmake'
[2.297s] Level 1:colcon.colcon_core.package_identification:_identify(/home/hargalaten/Rover/Tesi-Rover/src/costmap_converter) by extension 'python'
[2.297s] Level 1:colcon.colcon_core.package_identification:_identify(/home/hargalaten/Rover/Tesi-Rover/src/costmap_converter) by extensions ['python_setup_py']
[2.297s] Level 1:colcon.colcon_core.package_identification:_identify(/home/hargalaten/Rover/Tesi-Rover/src/costmap_converter) by extension 'python_setup_py'
[2.297s] Level 1:colcon.colcon_core.package_identification:_identify(/home/hargalaten/Rover/Tesi-Rover/src/roboclaw_ros2) by extensions ['ignore', 'ignore_ament_install']
[2.297s] Level 1:colcon.colcon_core.package_identification:_identify(/home/hargalaten/Rover/Tesi-Rover/src/roboclaw_ros2) by extension 'ignore'
[2.297s] Level 1:colcon.colcon_core.package_identification:_identify(/home/hargalaten/Rover/Tesi-Rover/src/roboclaw_ros2) by extension 'ignore_ament_install'
[2.297s] Level 1:colcon.colcon_core.package_identification:_identify(/home/hargalaten/Rover/Tesi-Rover/src/roboclaw_ros2) by extensions ['colcon_pkg']
[2.297s] Level 1:colcon.colcon_core.package_identification:_identify(/home/hargalaten/Rover/Tesi-Rover/src/roboclaw_ros2) by extension 'colcon_pkg'
[2.298s] Level 1:colcon.colcon_core.package_identification:_identify(/home/hargalaten/Rover/Tesi-Rover/src/roboclaw_ros2) by extensions ['colcon_meta']
[2.298s] Level 1:colcon.colcon_core.package_identification:_identify(/home/hargalaten/Rover/Tesi-Rover/src/roboclaw_ros2) by extension 'colcon_meta'
[2.298s] Level 1:colcon.colcon_core.package_identification:_identify(/home/hargalaten/Rover/Tesi-Rover/src/roboclaw_ros2) by extensions ['ros']
[2.298s] Level 1:colcon.colcon_core.package_identification:_identify(/home/hargalaten/Rover/Tesi-Rover/src/roboclaw_ros2) by extension 'ros'
[2.310s] DEBUG:colcon.colcon_core.package_identification:Package '/home/hargalaten/Rover/Tesi-Rover/src/roboclaw_ros2' with type 'ros.ament_cmake' and name 'roboclaw_ros2'
[2.311s] Level 1:colcon.colcon_core.package_identification:_identify(/home/hargalaten/Rover/Tesi-Rover/src/ros2-aruco-pose-estimation) by extensions ['ignore', 'ignore_ament_install']
[2.311s] Level 1:colcon.colcon_core.package_identification:_identify(/home/hargalaten/Rover/Tesi-Rover/src/ros2-aruco-pose-estimation) by extension 'ignore'
[2.312s] Level 1:colcon.colcon_core.package_identification:_identify(/home/hargalaten/Rover/Tesi-Rover/src/ros2-aruco-pose-estimation) by extension 'ignore_ament_install'
[2.312s] Level 1:colcon.colcon_core.package_identification:_identify(/home/hargalaten/Rover/Tesi-Rover/src/ros2-aruco-pose-estimation) by extensions ['colcon_pkg']
[2.312s] Level 1:colcon.colcon_core.package_identification:_identify(/home/hargalaten/Rover/Tesi-Rover/src/ros2-aruco-pose-estimation) by extension 'colcon_pkg'
[2.312s] Level 1:colcon.colcon_core.package_identification:_identify(/home/hargalaten/Rover/Tesi-Rover/src/ros2-aruco-pose-estimation) by extensions ['colcon_meta']
[2.313s] Level 1:colcon.colcon_core.package_identification:_identify(/home/hargalaten/Rover/Tesi-Rover/src/ros2-aruco-pose-estimation) by extension 'colcon_meta'
[2.313s] Level 1:colcon.colcon_core.package_identification:_identify(/home/hargalaten/Rover/Tesi-Rover/src/ros2-aruco-pose-estimation) by extensions ['ros']
[2.313s] Level 1:colcon.colcon_core.package_identification:_identify(/home/hargalaten/Rover/Tesi-Rover/src/ros2-aruco-pose-estimation) by extension 'ros'
[2.313s] Level 1:colcon.colcon_core.package_identification:_identify(/home/hargalaten/Rover/Tesi-Rover/src/ros2-aruco-pose-estimation) by extensions ['cmake', 'python']
[2.313s] Level 1:colcon.colcon_core.package_identification:_identify(/home/hargalaten/Rover/Tesi-Rover/src/ros2-aruco-pose-estimation) by extension 'cmake'
[2.314s] Level 1:colcon.colcon_core.package_identification:_identify(/home/hargalaten/Rover/Tesi-Rover/src/ros2-aruco-pose-estimation) by extension 'python'
[2.314s] Level 1:colcon.colcon_core.package_identification:_identify(/home/hargalaten/Rover/Tesi-Rover/src/ros2-aruco-pose-estimation) by extensions ['python_setup_py']
[2.314s] Level 1:colcon.colcon_core.package_identification:_identify(/home/hargalaten/Rover/Tesi-Rover/src/ros2-aruco-pose-estimation) by extension 'python_setup_py'
[2.314s] Level 1:colcon.colcon_core.package_identification:_identify(/home/hargalaten/Rover/Tesi-Rover/src/rover_bringup) by extensions ['ignore', 'ignore_ament_install']
[2.315s] Level 1:colcon.colcon_core.package_identification:_identify(/home/hargalaten/Rover/Tesi-Rover/src/rover_bringup) by extension 'ignore'
[2.315s] Level 1:colcon.colcon_core.package_identification:_identify(/home/hargalaten/Rover/Tesi-Rover/src/rover_bringup) by extension 'ignore_ament_install'
[2.315s] Level 1:colcon.colcon_core.package_identification:_identify(/home/hargalaten/Rover/Tesi-Rover/src/rover_bringup) by extensions ['colcon_pkg']
[2.316s] Level 1:colcon.colcon_core.package_identification:_identify(/home/hargalaten/Rover/Tesi-Rover/src/rover_bringup) by extension 'colcon_pkg'
[2.316s] Level 1:colcon.colcon_core.package_identification:_identify(/home/hargalaten/Rover/Tesi-Rover/src/rover_bringup) by extensions ['colcon_meta']
[2.316s] Level 1:colcon.colcon_core.package_identification:_identify(/home/hargalaten/Rover/Tesi-Rover/src/rover_bringup) by extension 'colcon_meta'
[2.316s] Level 1:colcon.colcon_core.package_identification:_identify(/home/hargalaten/Rover/Tesi-Rover/src/rover_bringup) by extensions ['ros']
[2.316s] Level 1:colcon.colcon_core.package_identification:_identify(/home/hargalaten/Rover/Tesi-Rover/src/rover_bringup) by extension 'ros'
[2.326s] DEBUG:colcon.colcon_core.package_identification:Package '/home/hargalaten/Rover/Tesi-Rover/src/rover_bringup' with type 'ros.ament_cmake' and name 'rover_bringup'
[2.327s] Level 1:colcon.colcon_core.package_identification:_identify(/home/hargalaten/Rover/Tesi-Rover/src/rover_description_pkg) by extensions ['ignore', 'ignore_ament_install']
[2.327s] Level 1:colcon.colcon_core.package_identification:_identify(/home/hargalaten/Rover/Tesi-Rover/src/rover_description_pkg) by extension 'ignore'
[2.327s] Level 1:colcon.colcon_core.package_identification:_identify(/home/hargalaten/Rover/Tesi-Rover/src/rover_description_pkg) by extension 'ignore_ament_install'
[2.328s] Level 1:colcon.colcon_core.package_identification:_identify(/home/hargalaten/Rover/Tesi-Rover/src/rover_description_pkg) by extensions ['colcon_pkg']
[2.328s] Level 1:colcon.colcon_core.package_identification:_identify(/home/hargalaten/Rover/Tesi-Rover/src/rover_description_pkg) by extension 'colcon_pkg'
[2.328s] Level 1:colcon.colcon_core.package_identification:_identify(/home/hargalaten/Rover/Tesi-Rover/src/rover_description_pkg) by extensions ['colcon_meta']
[2.329s] Level 1:colcon.colcon_core.package_identification:_identify(/home/hargalaten/Rover/Tesi-Rover/src/rover_description_pkg) by extension 'colcon_meta'
[2.329s] Level 1:colcon.colcon_core.package_identification:_identify(/home/hargalaten/Rover/Tesi-Rover/src/rover_description_pkg) by extensions ['ros']
[2.329s] Level 1:colcon.colcon_core.package_identification:_identify(/home/hargalaten/Rover/Tesi-Rover/src/rover_description_pkg) by extension 'ros'
[2.332s] DEBUG:colcon.colcon_core.package_identification:Package '/home/hargalaten/Rover/Tesi-Rover/src/rover_description_pkg' with type 'ros.ament_cmake' and name 'rover_description_pkg'
[2.333s] Level 1:colcon.colcon_core.package_identification:_identify(/home/hargalaten/Rover/Tesi-Rover/src/rover_turret_cameras) by extensions ['ignore', 'ignore_ament_install']
[2.333s] Level 1:colcon.colcon_core.package_identification:_identify(/home/hargalaten/Rover/Tesi-Rover/src/rover_turret_cameras) by extension 'ignore'
[2.333s] Level 1:colcon.colcon_core.package_identification:_identify(/home/hargalaten/Rover/Tesi-Rover/src/rover_turret_cameras) by extension 'ignore_ament_install'
[2.333s] Level 1:colcon.colcon_core.package_identification:_identify(/home/hargalaten/Rover/Tesi-Rover/src/rover_turret_cameras) by extensions ['colcon_pkg']
[2.334s] Level 1:colcon.colcon_core.package_identification:_identify(/home/hargalaten/Rover/Tesi-Rover/src/rover_turret_cameras) by extension 'colcon_pkg'
[2.334s] Level 1:colcon.colcon_core.package_identification:_identify(/home/hargalaten/Rover/Tesi-Rover/src/rover_turret_cameras) by extensions ['colcon_meta']
[2.334s] Level 1:colcon.colcon_core.package_identification:_identify(/home/hargalaten/Rover/Tesi-Rover/src/rover_turret_cameras) by extension 'colcon_meta'
[2.334s] Level 1:colcon.colcon_core.package_identification:_identify(/home/hargalaten/Rover/Tesi-Rover/src/rover_turret_cameras) by extensions ['ros']
[2.334s] Level 1:colcon.colcon_core.package_identification:_identify(/home/hargalaten/Rover/Tesi-Rover/src/rover_turret_cameras) by extension 'ros'
[2.336s] DEBUG:colcon.colcon_core.package_identification:Package '/home/hargalaten/Rover/Tesi-Rover/src/rover_turret_cameras' with type 'ros.ament_cmake' and name 'rover_turret_cameras'
[2.336s] Level 1:colcon.colcon_core.package_identification:_identify(/home/hargalaten/Rover/Tesi-Rover/src/rplidar_ros2) by extensions ['ignore', 'ignore_ament_install']
[2.337s] Level 1:colcon.colcon_core.package_identification:_identify(/home/hargalaten/Rover/Tesi-Rover/src/rplidar_ros2) by extension 'ignore'
[2.337s] Level 1:colcon.colcon_core.package_identification:_identify(/home/hargalaten/Rover/Tesi-Rover/src/rplidar_ros2) by extension 'ignore_ament_install'
[2.337s] Level 1:colcon.colcon_core.package_identification:_identify(/home/hargalaten/Rover/Tesi-Rover/src/rplidar_ros2) by extensions ['colcon_pkg']
[2.338s] Level 1:colcon.colcon_core.package_identification:_identify(/home/hargalaten/Rover/Tesi-Rover/src/rplidar_ros2) by extension 'colcon_pkg'
[2.338s] Level 1:colcon.colcon_core.package_identification:_identify(/home/hargalaten/Rover/Tesi-Rover/src/rplidar_ros2) by extensions ['colcon_meta']
[2.338s] Level 1:colcon.colcon_core.package_identification:_identify(/home/hargalaten/Rover/Tesi-Rover/src/rplidar_ros2) by extension 'colcon_meta'
[2.338s] Level 1:colcon.colcon_core.package_identification:_identify(/home/hargalaten/Rover/Tesi-Rover/src/rplidar_ros2) by extensions ['ros']
[2.338s] Level 1:colcon.colcon_core.package_identification:_identify(/home/hargalaten/Rover/Tesi-Rover/src/rplidar_ros2) by extension 'ros'
[2.365s] DEBUG:colcon.colcon_core.package_identification:Package '/home/hargalaten/Rover/Tesi-Rover/src/rplidar_ros2' with type 'ros.ament_cmake' and name 'rplidar_ros'
[2.365s] Level 1:colcon.colcon_core.package_identification:_identify(/home/hargalaten/Rover/Tesi-Rover/src/teb_local_planner) by extensions ['ignore', 'ignore_ament_install']
[2.365s] Level 1:colcon.colcon_core.package_identification:_identify(/home/hargalaten/Rover/Tesi-Rover/src/teb_local_planner) by extension 'ignore'
[2.366s] Level 1:colcon.colcon_core.package_identification:_identify(/home/hargalaten/Rover/Tesi-Rover/src/teb_local_planner) by extension 'ignore_ament_install'
[2.366s] Level 1:colcon.colcon_core.package_identification:_identify(/home/hargalaten/Rover/Tesi-Rover/src/teb_local_planner) by extensions ['colcon_pkg']
[2.366s] Level 1:colcon.colcon_core.package_identification:_identify(/home/hargalaten/Rover/Tesi-Rover/src/teb_local_planner) by extension 'colcon_pkg'
[2.366s] Level 1:colcon.colcon_core.package_identification:_identify(/home/hargalaten/Rover/Tesi-Rover/src/teb_local_planner) by extensions ['colcon_meta']
[2.366s] Level 1:colcon.colcon_core.package_identification:_identify(/home/hargalaten/Rover/Tesi-Rover/src/teb_local_planner) by extension 'colcon_meta'
[2.367s] Level 1:colcon.colcon_core.package_identification:_identify(/home/hargalaten/Rover/Tesi-Rover/src/teb_local_planner) by extensions ['ros']
[2.367s] Level 1:colcon.colcon_core.package_identification:_identify(/home/hargalaten/Rover/Tesi-Rover/src/teb_local_planner) by extension 'ros'
[2.367s] Level 1:colcon.colcon_core.package_identification:_identify(/home/hargalaten/Rover/Tesi-Rover/src/teb_local_planner) by extensions ['cmake', 'python']
[2.367s] Level 1:colcon.colcon_core.package_identification:_identify(/home/hargalaten/Rover/Tesi-Rover/src/teb_local_planner) by extension 'cmake'
[2.367s] Level 1:colcon.colcon_core.package_identification:_identify(/home/hargalaten/Rover/Tesi-Rover/src/teb_local_planner) by extension 'python'
[2.368s] Level 1:colcon.colcon_core.package_identification:_identify(/home/hargalaten/Rover/Tesi-Rover/src/teb_local_planner) by extensions ['python_setup_py']
[2.368s] Level 1:colcon.colcon_core.package_identification:_identify(/home/hargalaten/Rover/Tesi-Rover/src/teb_local_planner) by extension 'python_setup_py'
[2.368s] Level 1:colcon.colcon_core.package_discovery:discover_packages(recursive) using defaults
