[0.832s] DEBUG:colcon:Command line arguments: ['/usr/bin/colcon', 'list', '-p', '--base-paths', '/home/hargalaten/Rover/Rover-Navigation']
[0.832s] DEBUG:colcon:Parsed command line arguments: Namespace(allow_overriding=[], base_paths=['/home/hargalaten/Rover/Rover-Navigation'], build_base='build', ignore_user_meta=False, log_base=None, log_level=None, main=<bound method ListVerb.main of <colcon_package_information.verb.list.ListVerb object at 0x7f93b02df940>>, metas=['./colcon.meta'], mixin=None, mixin_files=None, mixin_verb=('list',), names_only=False, packages_above=None, packages_above_and_dependencies=None, packages_above_depth=None, packages_end=None, packages_ignore=None, packages_ignore_regex=None, packages_select=None, packages_select_build_failed=False, packages_select_by_dep=None, packages_select_regex=None, packages_select_test_failures=False, packages_skip=None, packages_skip_build_finished=False, packages_skip_by_dep=None, packages_skip_regex=None, packages_skip_test_passed=False, packages_skip_up_to=None, packages_start=None, packages_up_to=None, packages_up_to_regex=None, paths=None, paths_only=True, topological_graph=False, topological_graph_density=False, topological_graph_dot=False, topological_graph_dot_cluster=False, topological_graph_dot_include_skipped=False, topological_graph_legend=False, topological_order=False, verb_extension=<colcon_package_information.verb.list.ListVerb object at 0x7f93b02df940>, verb_name='list', verb_parser=<colcon_mixin.mixin.mixin_argument.MixinArgumentDecorator object at 0x7f93b0240c40>)
[1.827s] Level 1:colcon.colcon_core.package_discovery:discover_packages(colcon_meta) check parameters
[1.827s] Level 1:colcon.colcon_core.package_discovery:discover_packages(recursive) check parameters
[1.827s] Level 1:colcon.colcon_core.package_discovery:discover_packages(ignore) check parameters
[1.828s] Level 1:colcon.colcon_core.package_discovery:discover_packages(path) check parameters
[1.828s] Level 1:colcon.colcon_core.package_discovery:discover_packages(recursive) discover
[1.828s] INFO:colcon.colcon_core.package_discovery:Crawling recursively for packages in '/home/hargalaten/Rover/Rover-Navigation'
[1.828s] Level 1:colcon.colcon_core.package_identification:_identify(/home/hargalaten/Rover/Rover-Navigation) by extensions ['ignore', 'ignore_ament_install']
[1.829s] Level 1:colcon.colcon_core.package_identification:_identify(/home/hargalaten/Rover/Rover-Navigation) by extension 'ignore'
[1.829s] Level 1:colcon.colcon_core.package_identification:_identify(/home/hargalaten/Rover/Rover-Navigation) by extension 'ignore_ament_install'
[1.830s] Level 1:colcon.colcon_core.package_identification:_identify(/home/hargalaten/Rover/Rover-Navigation) by extensions ['colcon_pkg']
[1.830s] Level 1:colcon.colcon_core.package_identification:_identify(/home/hargalaten/Rover/Rover-Navigation) by extension 'colcon_pkg'
[1.830s] Level 1:colcon.colcon_core.package_identification:_identify(/home/hargalaten/Rover/Rover-Navigation) by extensions ['colcon_meta']
[1.830s] Level 1:colcon.colcon_core.package_identification:_identify(/home/hargalaten/Rover/Rover-Navigation) by extension 'colcon_meta'
[1.830s] Level 1:colcon.colcon_core.package_identification:_identify(/home/hargalaten/Rover/Rover-Navigation) by extensions ['ros']
[1.830s] Level 1:colcon.colcon_core.package_identification:_identify(/home/hargalaten/Rover/Rover-Navigation) by extension 'ros'
[1.895s] Level 1:colcon.colcon_core.package_identification:_identify(/home/hargalaten/Rover/Rover-Navigation) by extensions ['cmake', 'python']
[1.895s] Level 1:colcon.colcon_core.package_identification:_identify(/home/hargalaten/Rover/Rover-Navigation) by extension 'cmake'
[1.895s] Level 1:colcon.colcon_core.package_identification:_identify(/home/hargalaten/Rover/Rover-Navigation) by extension 'python'
[1.895s] Level 1:colcon.colcon_core.package_identification:_identify(/home/hargalaten/Rover/Rover-Navigation) by extensions ['python_setup_py']
[1.896s] Level 1:colcon.colcon_core.package_identification:_identify(/home/hargalaten/Rover/Rover-Navigation) by extension 'python_setup_py'
[1.896s] Level 1:colcon.colcon_core.package_identification:_identify(/home/hargalaten/Rover/Rover-Navigation/docs) by extensions ['ignore', 'ignore_ament_install']
[1.896s] Level 1:colcon.colcon_core.package_identification:_identify(/home/hargalaten/Rover/Rover-Navigation/docs) by extension 'ignore'
[1.896s] Level 1:colcon.colcon_core.package_identification:_identify(/home/hargalaten/Rover/Rover-Navigation/docs) by extension 'ignore_ament_install'
[1.896s] Level 1:colcon.colcon_core.package_identification:_identify(/home/hargalaten/Rover/Rover-Navigation/docs) by extensions ['colcon_pkg']
[1.897s] Level 1:colcon.colcon_core.package_identification:_identify(/home/hargalaten/Rover/Rover-Navigation/docs) by extension 'colcon_pkg'
[1.897s] Level 1:colcon.colcon_core.package_identification:_identify(/home/hargalaten/Rover/Rover-Navigation/docs) by extensions ['colcon_meta']
[1.897s] Level 1:colcon.colcon_core.package_identification:_identify(/home/hargalaten/Rover/Rover-Navigation/docs) by extension 'colcon_meta'
[1.897s] Level 1:colcon.colcon_core.package_identification:_identify(/home/hargalaten/Rover/Rover-Navigation/docs) by extensions ['ros']
[1.897s] Level 1:colcon.colcon_core.package_identification:_identify(/home/hargalaten/Rover/Rover-Navigation/docs) by extension 'ros'
[1.897s] Level 1:colcon.colcon_core.package_identification:_identify(/home/hargalaten/Rover/Rover-Navigation/docs) by extensions ['cmake', 'python']
[1.897s] Level 1:colcon.colcon_core.package_identification:_identify(/home/hargalaten/Rover/Rover-Navigation/docs) by extension 'cmake'
[1.897s] Level 1:colcon.colcon_core.package_identification:_identify(/home/hargalaten/Rover/Rover-Navigation/docs) by extension 'python'
[1.898s] Level 1:colcon.colcon_core.package_identification:_identify(/home/hargalaten/Rover/Rover-Navigation/docs) by extensions ['python_setup_py']
[1.898s] Level 1:colcon.colcon_core.package_identification:_identify(/home/hargalaten/Rover/Rover-Navigation/docs) by extension 'python_setup_py'
[1.898s] Level 1:colcon.colcon_core.package_identification:_identify(/home/hargalaten/Rover/Rover-Navigation/log) by extensions ['ignore', 'ignore_ament_install']
[1.898s] Level 1:colcon.colcon_core.package_identification:_identify(/home/hargalaten/Rover/Rover-Navigation/log) by extension 'ignore'
[1.898s] Level 1:colcon.colcon_core.package_identification:_identify(/home/hargalaten/Rover/Rover-Navigation/log) ignored
[1.899s] Level 1:colcon.colcon_core.package_identification:_identify(/home/hargalaten/Rover/Rover-Navigation/src) by extensions ['ignore', 'ignore_ament_install']
[1.899s] Level 1:colcon.colcon_core.package_identification:_identify(/home/hargalaten/Rover/Rover-Navigation/src) by extension 'ignore'
[1.899s] Level 1:colcon.colcon_core.package_identification:_identify(/home/hargalaten/Rover/Rover-Navigation/src) by extension 'ignore_ament_install'
[1.899s] Level 1:colcon.colcon_core.package_identification:_identify(/home/hargalaten/Rover/Rover-Navigation/src) by extensions ['colcon_pkg']
[1.899s] Level 1:colcon.colcon_core.package_identification:_identify(/home/hargalaten/Rover/Rover-Navigation/src) by extension 'colcon_pkg'
[1.899s] Level 1:colcon.colcon_core.package_identification:_identify(/home/hargalaten/Rover/Rover-Navigation/src) by extensions ['colcon_meta']
[1.899s] Level 1:colcon.colcon_core.package_identification:_identify(/home/hargalaten/Rover/Rover-Navigation/src) by extension 'colcon_meta'
[1.900s] Level 1:colcon.colcon_core.package_identification:_identify(/home/hargalaten/Rover/Rover-Navigation/src) by extensions ['ros']
[1.900s] Level 1:colcon.colcon_core.package_identification:_identify(/home/hargalaten/Rover/Rover-Navigation/src) by extension 'ros'
[1.900s] Level 1:colcon.colcon_core.package_identification:_identify(/home/hargalaten/Rover/Rover-Navigation/src) by extensions ['cmake', 'python']
[1.900s] Level 1:colcon.colcon_core.package_identification:_identify(/home/hargalaten/Rover/Rover-Navigation/src) by extension 'cmake'
[1.900s] Level 1:colcon.colcon_core.package_identification:_identify(/home/hargalaten/Rover/Rover-Navigation/src) by extension 'python'
[1.900s] Level 1:colcon.colcon_core.package_identification:_identify(/home/hargalaten/Rover/Rover-Navigation/src) by extensions ['python_setup_py']
[1.900s] Level 1:colcon.colcon_core.package_identification:_identify(/home/hargalaten/Rover/Rover-Navigation/src) by extension 'python_setup_py'
[1.901s] Level 1:colcon.colcon_core.package_identification:_identify(/home/hargalaten/Rover/Rover-Navigation/src/pkg) by extensions ['ignore', 'ignore_ament_install']
[1.901s] Level 1:colcon.colcon_core.package_identification:_identify(/home/hargalaten/Rover/Rover-Navigation/src/pkg) by extension 'ignore'
[1.901s] Level 1:colcon.colcon_core.package_identification:_identify(/home/hargalaten/Rover/Rover-Navigation/src/pkg) by extension 'ignore_ament_install'
[1.901s] Level 1:colcon.colcon_core.package_identification:_identify(/home/hargalaten/Rover/Rover-Navigation/src/pkg) by extensions ['colcon_pkg']
[1.901s] Level 1:colcon.colcon_core.package_identification:_identify(/home/hargalaten/Rover/Rover-Navigation/src/pkg) by extension 'colcon_pkg'
[1.902s] Level 1:colcon.colcon_core.package_identification:_identify(/home/hargalaten/Rover/Rover-Navigation/src/pkg) by extensions ['colcon_meta']
[1.909s] Level 1:colcon.colcon_core.package_identification:_identify(/home/hargalaten/Rover/Rover-Navigation/src/pkg) by extension 'colcon_meta'
[1.909s] Level 1:colcon.colcon_core.package_identification:_identify(/home/hargalaten/Rover/Rover-Navigation/src/pkg) by extensions ['ros']
[1.909s] Level 1:colcon.colcon_core.package_identification:_identify(/home/hargalaten/Rover/Rover-Navigation/src/pkg) by extension 'ros'
[1.910s] Level 1:colcon.colcon_core.package_identification:_identify(/home/hargalaten/Rover/Rover-Navigation/src/pkg) by extensions ['cmake', 'python']
[1.910s] Level 1:colcon.colcon_core.package_identification:_identify(/home/hargalaten/Rover/Rover-Navigation/src/pkg) by extension 'cmake'
[1.910s] Level 1:colcon.colcon_core.package_identification:_identify(/home/hargalaten/Rover/Rover-Navigation/src/pkg) by extension 'python'
[1.910s] Level 1:colcon.colcon_core.package_identification:_identify(/home/hargalaten/Rover/Rover-Navigation/src/pkg) by extensions ['python_setup_py']
[1.910s] Level 1:colcon.colcon_core.package_identification:_identify(/home/hargalaten/Rover/Rover-Navigation/src/pkg) by extension 'python_setup_py'
[1.911s] Level 1:colcon.colcon_core.package_identification:_identify(/home/hargalaten/Rover/Rover-Navigation/src/pkg/rl_fra2mo_description) by extensions ['ignore', 'ignore_ament_install']
[1.911s] Level 1:colcon.colcon_core.package_identification:_identify(/home/hargalaten/Rover/Rover-Navigation/src/pkg/rl_fra2mo_description) by extension 'ignore'
[1.911s] Level 1:colcon.colcon_core.package_identification:_identify(/home/hargalaten/Rover/Rover-Navigation/src/pkg/rl_fra2mo_description) by extension 'ignore_ament_install'
[1.911s] Level 1:colcon.colcon_core.package_identification:_identify(/home/hargalaten/Rover/Rover-Navigation/src/pkg/rl_fra2mo_description) by extensions ['colcon_pkg']
[1.911s] Level 1:colcon.colcon_core.package_identification:_identify(/home/hargalaten/Rover/Rover-Navigation/src/pkg/rl_fra2mo_description) by extension 'colcon_pkg'
[1.911s] Level 1:colcon.colcon_core.package_identification:_identify(/home/hargalaten/Rover/Rover-Navigation/src/pkg/rl_fra2mo_description) by extensions ['colcon_meta']
[1.915s] Level 1:colcon.colcon_core.package_identification:_identify(/home/hargalaten/Rover/Rover-Navigation/src/pkg/rl_fra2mo_description) by extension 'colcon_meta'
[1.915s] Level 1:colcon.colcon_core.package_identification:_identify(/home/hargalaten/Rover/Rover-Navigation/src/pkg/rl_fra2mo_description) by extensions ['ros']
[1.915s] Level 1:colcon.colcon_core.package_identification:_identify(/home/hargalaten/Rover/Rover-Navigation/src/pkg/rl_fra2mo_description) by extension 'ros'
[1.948s] DEBUG:colcon.colcon_core.package_identification:Package '/home/hargalaten/Rover/Rover-Navigation/src/pkg/rl_fra2mo_description' with type 'ros.ament_cmake' and name 'rl_fra2mo_description'
[1.949s] Level 1:colcon.colcon_core.package_identification:_identify(/home/hargalaten/Rover/Rover-Navigation/src/pkg/roboclaw_ros2) by extensions ['ignore', 'ignore_ament_install']
[1.949s] Level 1:colcon.colcon_core.package_identification:_identify(/home/hargalaten/Rover/Rover-Navigation/src/pkg/roboclaw_ros2) by extension 'ignore'
[1.949s] Level 1:colcon.colcon_core.package_identification:_identify(/home/hargalaten/Rover/Rover-Navigation/src/pkg/roboclaw_ros2) by extension 'ignore_ament_install'
[1.950s] Level 1:colcon.colcon_core.package_identification:_identify(/home/hargalaten/Rover/Rover-Navigation/src/pkg/roboclaw_ros2) by extensions ['colcon_pkg']
[1.950s] Level 1:colcon.colcon_core.package_identification:_identify(/home/hargalaten/Rover/Rover-Navigation/src/pkg/roboclaw_ros2) by extension 'colcon_pkg'
[1.950s] Level 1:colcon.colcon_core.package_identification:_identify(/home/hargalaten/Rover/Rover-Navigation/src/pkg/roboclaw_ros2) by extensions ['colcon_meta']
[1.950s] Level 1:colcon.colcon_core.package_identification:_identify(/home/hargalaten/Rover/Rover-Navigation/src/pkg/roboclaw_ros2) by extension 'colcon_meta'
[1.950s] Level 1:colcon.colcon_core.package_identification:_identify(/home/hargalaten/Rover/Rover-Navigation/src/pkg/roboclaw_ros2) by extensions ['ros']
[1.950s] Level 1:colcon.colcon_core.package_identification:_identify(/home/hargalaten/Rover/Rover-Navigation/src/pkg/roboclaw_ros2) by extension 'ros'
[1.955s] DEBUG:colcon.colcon_core.package_identification:Package '/home/hargalaten/Rover/Rover-Navigation/src/pkg/roboclaw_ros2' with type 'ros.ament_cmake' and name 'roboclaw_ros2'
[1.957s] Level 1:colcon.colcon_core.package_identification:_identify(/home/hargalaten/Rover/Rover-Navigation/src/pkg/rover_bringup) by extensions ['ignore', 'ignore_ament_install']
[1.957s] Level 1:colcon.colcon_core.package_identification:_identify(/home/hargalaten/Rover/Rover-Navigation/src/pkg/rover_bringup) by extension 'ignore'
[1.957s] Level 1:colcon.colcon_core.package_identification:_identify(/home/hargalaten/Rover/Rover-Navigation/src/pkg/rover_bringup) by extension 'ignore_ament_install'
[1.957s] Level 1:colcon.colcon_core.package_identification:_identify(/home/hargalaten/Rover/Rover-Navigation/src/pkg/rover_bringup) by extensions ['colcon_pkg']
[1.958s] Level 1:colcon.colcon_core.package_identification:_identify(/home/hargalaten/Rover/Rover-Navigation/src/pkg/rover_bringup) by extension 'colcon_pkg'
[1.958s] Level 1:colcon.colcon_core.package_identification:_identify(/home/hargalaten/Rover/Rover-Navigation/src/pkg/rover_bringup) by extensions ['colcon_meta']
[1.958s] Level 1:colcon.colcon_core.package_identification:_identify(/home/hargalaten/Rover/Rover-Navigation/src/pkg/rover_bringup) by extension 'colcon_meta'
[1.958s] Level 1:colcon.colcon_core.package_identification:_identify(/home/hargalaten/Rover/Rover-Navigation/src/pkg/rover_bringup) by extensions ['ros']
[1.958s] Level 1:colcon.colcon_core.package_identification:_identify(/home/hargalaten/Rover/Rover-Navigation/src/pkg/rover_bringup) by extension 'ros'
[1.964s] DEBUG:colcon.colcon_core.package_identification:Package '/home/hargalaten/Rover/Rover-Navigation/src/pkg/rover_bringup' with type 'ros.ament_cmake' and name 'rover_bringup'
[1.964s] Level 1:colcon.colcon_core.package_identification:_identify(/home/hargalaten/Rover/Rover-Navigation/src/pkg/rover_description_pkg) by extensions ['ignore', 'ignore_ament_install']
[1.965s] Level 1:colcon.colcon_core.package_identification:_identify(/home/hargalaten/Rover/Rover-Navigation/src/pkg/rover_description_pkg) by extension 'ignore'
[1.965s] Level 1:colcon.colcon_core.package_identification:_identify(/home/hargalaten/Rover/Rover-Navigation/src/pkg/rover_description_pkg) by extension 'ignore_ament_install'
[1.965s] Level 1:colcon.colcon_core.package_identification:_identify(/home/hargalaten/Rover/Rover-Navigation/src/pkg/rover_description_pkg) by extensions ['colcon_pkg']
[1.965s] Level 1:colcon.colcon_core.package_identification:_identify(/home/hargalaten/Rover/Rover-Navigation/src/pkg/rover_description_pkg) by extension 'colcon_pkg'
[1.965s] Level 1:colcon.colcon_core.package_identification:_identify(/home/hargalaten/Rover/Rover-Navigation/src/pkg/rover_description_pkg) by extensions ['colcon_meta']
[1.965s] Level 1:colcon.colcon_core.package_identification:_identify(/home/hargalaten/Rover/Rover-Navigation/src/pkg/rover_description_pkg) by extension 'colcon_meta'
[1.966s] Level 1:colcon.colcon_core.package_identification:_identify(/home/hargalaten/Rover/Rover-Navigation/src/pkg/rover_description_pkg) by extensions ['ros']
[1.966s] Level 1:colcon.colcon_core.package_identification:_identify(/home/hargalaten/Rover/Rover-Navigation/src/pkg/rover_description_pkg) by extension 'ros'
[1.968s] DEBUG:colcon.colcon_core.package_identification:Package '/home/hargalaten/Rover/Rover-Navigation/src/pkg/rover_description_pkg' with type 'ros.ament_cmake' and name 'rover_description_pkg'
[1.971s] Level 1:colcon.colcon_core.package_identification:_identify(/home/hargalaten/Rover/Rover-Navigation/src/pkg/rover_turret_cameras) by extensions ['ignore', 'ignore_ament_install']
[1.972s] Level 1:colcon.colcon_core.package_identification:_identify(/home/hargalaten/Rover/Rover-Navigation/src/pkg/rover_turret_cameras) by extension 'ignore'
[1.972s] Level 1:colcon.colcon_core.package_identification:_identify(/home/hargalaten/Rover/Rover-Navigation/src/pkg/rover_turret_cameras) by extension 'ignore_ament_install'
[1.972s] Level 1:colcon.colcon_core.package_identification:_identify(/home/hargalaten/Rover/Rover-Navigation/src/pkg/rover_turret_cameras) by extensions ['colcon_pkg']
[1.972s] Level 1:colcon.colcon_core.package_identification:_identify(/home/hargalaten/Rover/Rover-Navigation/src/pkg/rover_turret_cameras) by extension 'colcon_pkg'
[1.973s] Level 1:colcon.colcon_core.package_identification:_identify(/home/hargalaten/Rover/Rover-Navigation/src/pkg/rover_turret_cameras) by extensions ['colcon_meta']
[1.974s] Level 1:colcon.colcon_core.package_identification:_identify(/home/hargalaten/Rover/Rover-Navigation/src/pkg/rover_turret_cameras) by extension 'colcon_meta'
[1.993s] Level 1:colcon.colcon_core.package_identification:_identify(/home/hargalaten/Rover/Rover-Navigation/src/pkg/rover_turret_cameras) by extensions ['ros']
[1.993s] Level 1:colcon.colcon_core.package_identification:_identify(/home/hargalaten/Rover/Rover-Navigation/src/pkg/rover_turret_cameras) by extension 'ros'
[1.998s] DEBUG:colcon.colcon_core.package_identification:Package '/home/hargalaten/Rover/Rover-Navigation/src/pkg/rover_turret_cameras' with type 'ros.ament_cmake' and name 'rover_turret_cameras'
[1.998s] Level 1:colcon.colcon_core.package_identification:_identify(/home/hargalaten/Rover/Rover-Navigation/src/pkg/rplidar_ros2) by extensions ['ignore', 'ignore_ament_install']
[1.999s] Level 1:colcon.colcon_core.package_identification:_identify(/home/hargalaten/Rover/Rover-Navigation/src/pkg/rplidar_ros2) by extension 'ignore'
[1.999s] Level 1:colcon.colcon_core.package_identification:_identify(/home/hargalaten/Rover/Rover-Navigation/src/pkg/rplidar_ros2) by extension 'ignore_ament_install'
[1.999s] Level 1:colcon.colcon_core.package_identification:_identify(/home/hargalaten/Rover/Rover-Navigation/src/pkg/rplidar_ros2) by extensions ['colcon_pkg']
[1.999s] Level 1:colcon.colcon_core.package_identification:_identify(/home/hargalaten/Rover/Rover-Navigation/src/pkg/rplidar_ros2) by extension 'colcon_pkg'
[1.999s] Level 1:colcon.colcon_core.package_identification:_identify(/home/hargalaten/Rover/Rover-Navigation/src/pkg/rplidar_ros2) by extensions ['colcon_meta']
[1.999s] Level 1:colcon.colcon_core.package_identification:_identify(/home/hargalaten/Rover/Rover-Navigation/src/pkg/rplidar_ros2) by extension 'colcon_meta'
[1.999s] Level 1:colcon.colcon_core.package_identification:_identify(/home/hargalaten/Rover/Rover-Navigation/src/pkg/rplidar_ros2) by extensions ['ros']
[2.000s] Level 1:colcon.colcon_core.package_identification:_identify(/home/hargalaten/Rover/Rover-Navigation/src/pkg/rplidar_ros2) by extension 'ros'
[2.027s] DEBUG:colcon.colcon_core.package_identification:Package '/home/hargalaten/Rover/Rover-Navigation/src/pkg/rplidar_ros2' with type 'ros.ament_cmake' and name 'rplidar_ros'
[2.027s] Level 1:colcon.colcon_core.package_discovery:discover_packages(recursive) using defaults
